<?xml version="1.0" encoding="UTF-8"?>
<testsuite name="gremlins.BrickwallTest" tests="5" skipped="0" failures="0" errors="0" timestamp="2022-10-25T11:47:51" hostname="Cohens-Air" time="2.303">
  <properties/>
  <testcase name="constructor()" classname="gremlins.BrickwallTest" time="0.001"/>
  <testcase name="checkDestroyedTest()" classname="gremlins.BrickwallTest" time="0.008"/>
  <testcase name="setDestroyedSpriteTest()" classname="gremlins.BrickwallTest" time="2.102"/>
  <testcase name="checkDestroyedFullyTest()" classname="gremlins.BrickwallTest" time="0.003"/>
  <testcase name="destroyBrickwallTest()" classname="gremlins.BrickwallTest" time="0.003"/>
  <system-out><![CDATA[]]></system-out>
  <system-err><![CDATA[java.util.ConcurrentModificationException
	at java.util.ArrayList$Itr.checkForComodification(ArrayList.java:911)
	at java.util.ArrayList$Itr.next(ArrayList.java:861)
	at gremlins.App.evaluateBrickwalls(App.java:258)
	at gremlins.App.draw(App.java:402)
	at processing.core.PApplet.handleDraw(PApplet.java:2426)
	at processing.awt.PSurfaceAWT$12.callDraw(PSurfaceAWT.java:1557)
	at processing.core.PSurfaceNone$AnimationThread.run(PSurfaceNone.java:316)
]]></system-err>
</testsuite>
