<?xml version="1.0" encoding="UTF-8"?>
<testsuite name="gremlins.FireballTest" tests="8" skipped="0" failures="0" errors="0" timestamp="2022-10-25T11:47:54" hostname="Cohens-Air" time="0.27">
  <properties/>
  <testcase name="brickwallCollisionTest()" classname="gremlins.FireballTest" time="0.005"/>
  <testcase name="getDirectionTest()" classname="gremlins.FireballTest" time="0.002"/>
  <testcase name="constructor()" classname="gremlins.FireballTest" time="0.005"/>
  <testcase name="wallCollisionTest()" classname="gremlins.FireballTest" time="0.001"/>
  <testcase name="movementTest()" classname="gremlins.FireballTest" time="0.003"/>
  <testcase name="slimeCollisionTest()" classname="gremlins.FireballTest" time="0.113"/>
  <testcase name="gremlinCollisionTest()" classname="gremlins.FireballTest" time="0.002"/>
  <testcase name="getCollidedTest()" classname="gremlins.FireballTest" time="0.005"/>
  <system-out><![CDATA[]]></system-out>
  <system-err><![CDATA[]]></system-err>
</testsuite>
