<?xml version="1.0" encoding="UTF-8"?>
<testsuite name="gremlins.GameObjectTest" tests="3" skipped="0" failures="0" errors="0" timestamp="2022-10-25T11:47:54" hostname="Cohens-Air" time="0.006">
  <properties/>
  <testcase name="getXTest()" classname="gremlins.GameObjectTest" time="0.001"/>
  <testcase name="getYTest()" classname="gremlins.GameObjectTest" time="0.001"/>
  <testcase name="setSpriteTest()" classname="gremlins.GameObjectTest" time="0.001"/>
  <system-out><![CDATA[]]></system-out>
  <system-err><![CDATA[]]></system-err>
</testsuite>
