<?xml version="1.0" encoding="UTF-8"?>
<testsuite name="gremlins.SnowflakeTest" tests="5" skipped="0" failures="0" errors="0" timestamp="2022-10-25T11:47:55" hostname="Cohens-Air" time="0.082">
  <properties/>
  <testcase name="constructor()" classname="gremlins.SnowflakeTest" time="0.0"/>
  <testcase name="collectedTest()" classname="gremlins.SnowflakeTest" time="0.0"/>
  <testcase name="initialSpawnTest()" classname="gremlins.SnowflakeTest" time="0.076"/>
  <testcase name="newSpawnTest()" classname="gremlins.SnowflakeTest" time="0.001"/>
  <testcase name="setCollectedTest()" classname="gremlins.SnowflakeTest" time="0.001"/>
  <system-out><![CDATA[]]></system-out>
  <system-err><![CDATA[]]></system-err>
</testsuite>
